TN:
SF:src/streams/csvtondjson.js
FN:6,<instance_members_initializer>
FN:11,CSVToNDJSON
FN:18,#updateBuffer
FN:40,#buildChunkItem
FN:59,_transform
FN:67,_final
FNF:6
FNH:6
FNDA:3,<instance_members_initializer>
FNDA:3,CSVToNDJSON
FNDA:4,#updateBuffer
FNDA:10,#buildChunkItem
FNDA:3,_transform
FNDA:3,_final
DA:1,1
DA:2,1
DA:3,1
DA:4,1
DA:5,1
DA:6,1
DA:7,3
DA:8,3
DA:9,3
DA:10,3
DA:11,3
DA:12,3
DA:13,3
DA:14,3
DA:15,3
DA:16,3
DA:17,3
DA:18,3
DA:19,4
DA:20,4
DA:21,4
DA:22,4
DA:23,14
DA:24,14
DA:25,14
DA:26,10
DA:27,10
DA:28,10
DA:29,10
DA:30,10
DA:31,10
DA:32,10
DA:33,10
DA:34,14
DA:35,6
DA:36,6
DA:37,6
DA:38,4
DA:39,3
DA:40,3
DA:41,10
DA:42,10
DA:43,10
DA:44,22
DA:45,22
DA:46,22
DA:47,22
DA:48,18
DA:49,22
DA:50,22
DA:51,10
DA:52,10
DA:53,4
DA:54,4
DA:55,6
DA:56,6
DA:57,6
DA:58,3
DA:59,3
DA:60,3
DA:61,5
DA:62,5
DA:63,3
DA:64,3
DA:65,3
DA:66,3
DA:67,3
DA:68,3
DA:69,1
DA:70,1
DA:71,1
DA:72,1
DA:73,1
DA:74,1
DA:75,1
DA:76,1
DA:77,3
LF:77
LH:77
BRDA:6,0,0,3
BRDA:11,1,0,3
BRDA:18,2,0,4
BRDA:22,3,0,14
BRDA:25,4,0,4
BRDA:25,5,0,10
BRDA:34,6,0,4
BRDA:34,7,0,6
BRDA:40,8,0,10
BRDA:43,9,0,22
BRDA:47,10,0,19
BRDA:47,11,0,4
BRDA:47,12,0,18
BRDA:49,13,0,6
BRDA:49,14,0,12
BRDA:52,15,0,4
BRDA:54,16,0,6
BRDA:59,17,0,3
BRDA:60,18,0,5
BRDA:67,19,0,3
BRDA:68,20,0,2
BRDA:68,21,0,1
BRF:22
BRH:22
end_of_record
